android/app/build/intermediates/manifest_merge_blame_file/debug/manifest-merger-blame-debug-report.txt
1<?xml version="1.0" encoding="utf-8"?>
2<manifest xmlns:android="http://schemas.android.com/apk/res/android"
3    package="vn.weathervietnam.jicamobileapp"
4    android:versionCode="1"
5    android:versionName="1.0" >
6
7    <uses-sdk
8        android:minSdkVersion="21"
9        android:targetSdkVersion="29" />
10
11    <uses-permission android:name="android.permission.SYSTEM_ALERT_WINDOW" />
11-->src\debug\AndroidManifest.xml:5:5-77
11-->src\debug\AndroidManifest.xml:5:22-75
12    <uses-permission android:name="android.permission.INTERNET" />
12-->src\main\AndroidManifest.xml:4:5-67
12-->src\main\AndroidManifest.xml:4:22-64
13    <uses-permission android:name="android.permission.ACCESS_WIFI_STATE" />
13-->[com.facebook.flipper:flipper:0.75.1] AndroidManifest.xml:16:5-76
13-->[com.facebook.flipper:flipper:0.75.1] AndroidManifest.xml:16:22-73
14    <uses-permission android:name="android.permission.ACCESS_NETWORK_STATE" />
14-->[:react-native-community_netinfo] AndroidManifest.xml:9:5-79
14-->[:react-native-community_netinfo] AndroidManifest.xml:9:22-76
15    <uses-permission android:name="android.permission.WAKE_LOCK" />
15-->[:react-native-background-timer] AndroidManifest.xml:11:5-68
15-->[:react-native-background-timer] AndroidManifest.xml:11:22-65
16    <uses-permission android:name="com.google.android.finsky.permission.BIND_GET_INSTALL_REFERRER_SERVICE" />
16-->[com.google.android.gms:play-services-measurement:19.0.0] AndroidManifest.xml:26:5-110
16-->[com.google.android.gms:play-services-measurement:19.0.0] AndroidManifest.xml:26:22-107
17    <uses-permission android:name="android.permission.RECEIVE_BOOT_COMPLETED" />
17-->[com.transistorsoft:tsbackgroundfetch:0.5.0] AndroidManifest.xml:11:5-81
17-->[com.transistorsoft:tsbackgroundfetch:0.5.0] AndroidManifest.xml:11:22-78
18    <uses-permission android:name="android.permission.GET_TASKS" />
18-->[com.transistorsoft:tsbackgroundfetch:0.5.0] AndroidManifest.xml:13:5-68
18-->[com.transistorsoft:tsbackgroundfetch:0.5.0] AndroidManifest.xml:13:22-65
19
20    <application
20-->src\main\AndroidManifest.xml:6:5-24:19
21        android:name="vn.weathervietnam.jicamobileapp.MainApplication"
21-->src\main\AndroidManifest.xml:7:7-38
22        android:allowBackup="false"
22-->src\main\AndroidManifest.xml:11:7-34
23        android:appComponentFactory="androidx.core.app.CoreComponentFactory"
23-->[androidx.core:core:1.3.2] AndroidManifest.xml:24:18-86
24        android:debuggable="true"
25        android:icon="@mipmap/ic_launcher"
25-->src\main\AndroidManifest.xml:9:7-41
26        android:label="@string/app_name"
26-->src\main\AndroidManifest.xml:8:7-39
27        android:roundIcon="@mipmap/ic_launcher_round"
27-->src\main\AndroidManifest.xml:10:7-52
28        android:theme="@style/AppTheme"
28-->src\main\AndroidManifest.xml:12:7-38
29        android:usesCleartextTraffic="true" >
29-->src\debug\AndroidManifest.xml:8:9-44
30        <activity android:name="com.facebook.react.devsupport.DevSettingsActivity" />
30-->src\debug\AndroidManifest.xml:11:9-86
30-->src\debug\AndroidManifest.xml:11:19-83
31        <activity
31-->src\main\AndroidManifest.xml:13:7-23:18
32            android:name="vn.weathervietnam.jicamobileapp.MainActivity"
32-->src\main\AndroidManifest.xml:14:9-37
33            android:configChanges="keyboard|keyboardHidden|orientation|screenSize|uiMode"
33-->src\main\AndroidManifest.xml:16:9-86
34            android:label="@string/app_name"
34-->src\main\AndroidManifest.xml:15:9-41
35            android:launchMode="singleTask"
35-->src\main\AndroidManifest.xml:17:9-40
36            android:windowSoftInputMode="adjustResize" >
36-->src\main\AndroidManifest.xml:18:9-51
37            <intent-filter>
37-->src\main\AndroidManifest.xml:19:9-22:25
38                <action android:name="android.intent.action.MAIN" />
38-->src\main\AndroidManifest.xml:20:13-65
38-->src\main\AndroidManifest.xml:20:21-62
39
40                <category android:name="android.intent.category.LAUNCHER" />
40-->src\main\AndroidManifest.xml:21:13-73
40-->src\main\AndroidManifest.xml:21:23-70
41            </intent-filter>
42        </activity>
43
44        <service
44-->[:react-native-firebase] AndroidManifest.xml:16:9-20:19
45            android:name="com.google.firebase.components.ComponentDiscoveryService"
45-->[:react-native-firebase] AndroidManifest.xml:16:18-89
46            android:directBootAware="true"
46-->[com.google.firebase:firebase-common:20.0.0] AndroidManifest.xml:35:13-43
47            android:exported="false" >
47-->[com.google.android.gms:play-services-measurement-api:19.0.0] AndroidManifest.xml:29:13-37
48            <meta-data
48-->[:react-native-firebase] AndroidManifest.xml:17:13-19:85
49                android:name="com.google.firebase.components:io.invertase.firebase.ReactNativeFirebaseAppRegistrar"
49-->[:react-native-firebase] AndroidManifest.xml:18:17-116
50                android:value="com.google.firebase.components.ComponentRegistrar" />
50-->[:react-native-firebase] AndroidManifest.xml:19:17-82
51            <meta-data
51-->[com.google.android.gms:play-services-measurement-api:19.0.0] AndroidManifest.xml:30:13-32:85
52                android:name="com.google.firebase.components:com.google.firebase.analytics.connector.internal.AnalyticsConnectorRegistrar"
52-->[com.google.android.gms:play-services-measurement-api:19.0.0] AndroidManifest.xml:31:17-139
53                android:value="com.google.firebase.components.ComponentRegistrar" />
53-->[com.google.android.gms:play-services-measurement-api:19.0.0] AndroidManifest.xml:32:17-82
54            <meta-data
54-->[com.google.firebase:firebase-installations:17.0.0] AndroidManifest.xml:18:13-20:85
55                android:name="com.google.firebase.components:com.google.firebase.installations.FirebaseInstallationsRegistrar"
55-->[com.google.firebase:firebase-installations:17.0.0] AndroidManifest.xml:19:17-127
56                android:value="com.google.firebase.components.ComponentRegistrar" />
56-->[com.google.firebase:firebase-installations:17.0.0] AndroidManifest.xml:20:17-82
57        </service>
58
59        <provider
59-->[com.google.firebase:firebase-common:20.0.0] AndroidManifest.xml:26:9-31:39
60            android:name="com.google.firebase.provider.FirebaseInitProvider"
60-->[com.google.firebase:firebase-common:20.0.0] AndroidManifest.xml:27:13-77
61            android:authorities="vn.weathervietnam.jicamobileapp.firebaseinitprovider"
61-->[com.google.firebase:firebase-common:20.0.0] AndroidManifest.xml:28:13-72
62            android:directBootAware="true"
62-->[com.google.firebase:firebase-common:20.0.0] AndroidManifest.xml:29:13-43
63            android:exported="false"
63-->[com.google.firebase:firebase-common:20.0.0] AndroidManifest.xml:30:13-37
64            android:initOrder="100" />
64-->[com.google.firebase:firebase-common:20.0.0] AndroidManifest.xml:31:13-36
65
66        <meta-data
66-->[com.github.bumptech.glide:okhttp3-integration:4.11.0] AndroidManifest.xml:11:9-13:43
67            android:name="com.bumptech.glide.integration.okhttp3.OkHttpGlideModule"
67-->[com.github.bumptech.glide:okhttp3-integration:4.11.0] AndroidManifest.xml:12:13-84
68            android:value="GlideModule" />
68-->[com.github.bumptech.glide:okhttp3-integration:4.11.0] AndroidManifest.xml:13:13-40
69
70        <activity
70-->[com.google.android.gms:play-services-base:17.0.0] AndroidManifest.xml:23:9-26:75
71            android:name="com.google.android.gms.common.api.GoogleApiActivity"
71-->[com.google.android.gms:play-services-base:17.0.0] AndroidManifest.xml:24:13-79
72            android:exported="false"
72-->[com.google.android.gms:play-services-base:17.0.0] AndroidManifest.xml:25:13-37
73            android:theme="@android:style/Theme.Translucent.NoTitleBar" />
73-->[com.google.android.gms:play-services-base:17.0.0] AndroidManifest.xml:26:13-72
74
75        <receiver
75-->[com.google.android.gms:play-services-measurement:19.0.0] AndroidManifest.xml:29:9-33:20
76            android:name="com.google.android.gms.measurement.AppMeasurementReceiver"
76-->[com.google.android.gms:play-services-measurement:19.0.0] AndroidManifest.xml:30:13-85
77            android:enabled="true"
77-->[com.google.android.gms:play-services-measurement:19.0.0] AndroidManifest.xml:31:13-35
78            android:exported="false" >
78-->[com.google.android.gms:play-services-measurement:19.0.0] AndroidManifest.xml:32:13-37
79        </receiver>
80
81        <service
81-->[com.google.android.gms:play-services-measurement:19.0.0] AndroidManifest.xml:35:9-38:40
82            android:name="com.google.android.gms.measurement.AppMeasurementService"
82-->[com.google.android.gms:play-services-measurement:19.0.0] AndroidManifest.xml:36:13-84
83            android:enabled="true"
83-->[com.google.android.gms:play-services-measurement:19.0.0] AndroidManifest.xml:37:13-35
84            android:exported="false" />
84-->[com.google.android.gms:play-services-measurement:19.0.0] AndroidManifest.xml:38:13-37
85        <service
85-->[com.google.android.gms:play-services-measurement:19.0.0] AndroidManifest.xml:39:9-43:72
86            android:name="com.google.android.gms.measurement.AppMeasurementJobService"
86-->[com.google.android.gms:play-services-measurement:19.0.0] AndroidManifest.xml:40:13-87
87            android:enabled="true"
87-->[com.google.android.gms:play-services-measurement:19.0.0] AndroidManifest.xml:41:13-35
88            android:exported="false"
88-->[com.google.android.gms:play-services-measurement:19.0.0] AndroidManifest.xml:42:13-37
89            android:permission="android.permission.BIND_JOB_SERVICE" />
89-->[com.google.android.gms:play-services-measurement:19.0.0] AndroidManifest.xml:43:13-69
90
91        <meta-data
91-->[com.google.android.gms:play-services-basement:17.0.0] AndroidManifest.xml:23:9-25:69
92            android:name="com.google.android.gms.version"
92-->[com.google.android.gms:play-services-basement:17.0.0] AndroidManifest.xml:24:13-58
93            android:value="@integer/google_play_services_version" />
93-->[com.google.android.gms:play-services-basement:17.0.0] AndroidManifest.xml:25:13-66
94
95        <receiver android:name="com.transistorsoft.tsbackgroundfetch.FetchAlarmReceiver" />
95-->[com.transistorsoft:tsbackgroundfetch:0.5.0] AndroidManifest.xml:16:9-92
95-->[com.transistorsoft:tsbackgroundfetch:0.5.0] AndroidManifest.xml:16:19-89
96
97        <service
97-->[com.transistorsoft:tsbackgroundfetch:0.5.0] AndroidManifest.xml:18:9-21:72
98            android:name="com.transistorsoft.tsbackgroundfetch.FetchJobService"
98-->[com.transistorsoft:tsbackgroundfetch:0.5.0] AndroidManifest.xml:19:13-80
99            android:exported="true"
99-->[com.transistorsoft:tsbackgroundfetch:0.5.0] AndroidManifest.xml:20:13-36
100            android:permission="android.permission.BIND_JOB_SERVICE" />
100-->[com.transistorsoft:tsbackgroundfetch:0.5.0] AndroidManifest.xml:21:13-69
101
102        <receiver android:name="com.transistorsoft.tsbackgroundfetch.BootReceiver" >
102-->[com.transistorsoft:tsbackgroundfetch:0.5.0] AndroidManifest.xml:23:9-28:20
102-->[com.transistorsoft:tsbackgroundfetch:0.5.0] AndroidManifest.xml:23:19-83
103            <intent-filter>
103-->[com.transistorsoft:tsbackgroundfetch:0.5.0] AndroidManifest.xml:24:13-27:29
104                <action android:name="android.intent.action.BOOT_COMPLETED" />
104-->[com.transistorsoft:tsbackgroundfetch:0.5.0] AndroidManifest.xml:25:17-79
104-->[com.transistorsoft:tsbackgroundfetch:0.5.0] AndroidManifest.xml:25:25-76
105                <action android:name="android.intent.action.MY_PACKAGE_REPLACED" />
105-->[com.transistorsoft:tsbackgroundfetch:0.5.0] AndroidManifest.xml:26:17-84
105-->[com.transistorsoft:tsbackgroundfetch:0.5.0] AndroidManifest.xml:26:25-81
106            </intent-filter>
107        </receiver>
108    </application>
109
110</manifest>